<?xml version="1.0" encoding="UTF-8"?>
<!-- Generated by org.testng.reporters.JUnitReportReporter -->
<testsuite skipped="0" hostname="MAVBCP3103" name="com.common.baseClass" tests="1" failures="0" timestamp="2021-12-07T10:08:22 IST" time="54.726" errors="0">
  <testcase name="VerifyValidLogin" time="54.726" classname="com.common.baseClass"/>
  <system-out/>
</testsuite> <!-- com.common.baseClass -->
